# JRE version: Java(TM) SE Runtime Environment (7.0_45-b18) (build 1.7.0_45-b18)
# Java VM: Java HotSpot(TM) 64-Bit Server VM (24.45-b08 mixed mode bsd-amd64 compressed oops)
Heap
 PSYoungGen      total 66048K, used 55767K [0x00000007d5500000, 0x00000007e2300000, 0x0000000800000000)
  eden space 65536K, 84% used [0x00000007d5500000,0x00000007d8b5df10,0x00000007d9500000)
  from space 512K, 18% used [0x00000007e2280000,0x00000007e2298000,0x00000007e2300000)
  to   space 512K, 0% used [0x00000007e2200000,0x00000007e2200000,0x00000007e2280000)
 ParOldGen       total 87040K, used 29700K [0x0000000780000000, 0x0000000785500000, 0x00000007d5500000)
  object space 87040K, 34% used [0x0000000780000000,0x0000000781d01190,0x0000000785500000)
 PSPermGen       total 21504K, used 4232K [0x000000077ae00000, 0x000000077c300000, 0x0000000780000000)
  object space 21504K, 19% used [0x000000077ae00000,0x000000077b2223e8,0x000000077c300000)
GC Heap History (10 events):
Event: 121.766 GC heap before
{Heap before GC invocations=224 (full 0):
 PSYoungGen      total 76800K, used 76416K [0x00000007d5500000, 0x00000007e2300000, 0x0000000800000000)
  eden space 76288K, 100% used [0x00000007d5500000,0x00000007d9f80000,0x00000007d9f80000)
  from space 512K, 25% used [0x00000007e2200000,0x00000007e2220000,0x00000007e2280000)
  to   space 512K, 0% used [0x00000007e2280000,0x00000007e2280000,0x00000007e2300000)
 ParOldGen       total 87040K, used 29580K [0x0000000780000000, 0x0000000785500000, 0x00000007d5500000)
  object space 87040K, 33% used [0x0000000780000000,0x0000000781ce3190,0x0000000785500000)
 PSPermGen       total 21504K, used 4232K [0x000000077ae00000, 0x000000077c300000, 0x0000000780000000)
  object space 21504K, 19% used [0x000000077ae00000,0x000000077b222168,0x000000077c300000)
Event: 121.770 GC heap after
Heap after GC invocations=224 (full 0):
 PSYoungGen      total 74240K, used 128K [0x00000007d5500000, 0x00000007e2300000, 0x0000000800000000)
  eden space 73728K, 0% used [0x00000007d5500000,0x00000007d5500000,0x00000007d9d00000)
  from space 512K, 25% used [0x00000007e2280000,0x00000007e22a0000,0x00000007e2300000)
  to   space 512K, 0% used [0x00000007e2200000,0x00000007e2200000,0x00000007e2280000)
 ParOldGen       total 87040K, used 29612K [0x0000000780000000, 0x0000000785500000, 0x00000007d5500000)
  object space 87040K, 34% used [0x0000000780000000,0x0000000781ceb190,0x0000000785500000)
 PSPermGen       total 21504K, used 4232K [0x000000077ae00000, 0x000000077c300000, 0x0000000780000000)
  object space 21504K, 19% used [0x000000077ae00000,0x000000077b222168,0x000000077c300000)
}
Event: 122.200 GC heap before
{Heap before GC invocations=225 (full 0):
 PSYoungGen      total 74240K, used 73856K [0x00000007d5500000, 0x00000007e2300000, 0x0000000800000000)
  eden space 73728K, 100% used [0x00000007d5500000,0x00000007d9d00000,0x00000007d9d00000)
  from space 512K, 25% used [0x00000007e2280000,0x00000007e22a0000,0x00000007e2300000)
  to   space 512K, 0% used [0x00000007e2200000,0x00000007e2200000,0x00000007e2280000)
 ParOldGen       total 87040K, used 29612K [0x0000000780000000, 0x0000000785500000, 0x00000007d5500000)
  object space 87040K, 34% used [0x0000000780000000,0x0000000781ceb190,0x0000000785500000)
 PSPermGen       total 21504K, used 4232K [0x000000077ae00000, 0x000000077c300000, 0x0000000780000000)
  object space 21504K, 19% used [0x000000077ae00000,0x000000077b222168,0x000000077c300000)
Event: 122.203 GC heap after
Heap after GC invocations=225 (full 0):
 PSYoungGen      total 72192K, used 128K [0x00000007d5500000, 0x00000007e2300000, 0x0000000800000000)
  eden space 71680K, 0% used [0x00000007d5500000,0x00000007d5500000,0x00000007d9b00000)
  from space 512K, 25% used [0x00000007e2200000,0x00000007e2220000,0x00000007e2280000)
  to   space 512K, 0% used [0x00000007e2280000,0x00000007e2280000,0x00000007e2300000)
 ParOldGen       total 87040K, used 29636K [0x0000000780000000, 0x0000000785500000, 0x00000007d5500000)
  object space 87040K, 34% used [0x0000000780000000,0x0000000781cf1190,0x0000000785500000)
 PSPermGen       total 21504K, used 4232K [0x000000077ae00000, 0x000000077c300000, 0x0000000780000000)
  object space 21504K, 19% used [0x000000077ae00000,0x000000077b222168,0x000000077c300000)
}
Event: 122.537 GC heap before
{Heap before GC invocations=226 (full 0):
 PSYoungGen      total 72192K, used 71808K [0x00000007d5500000, 0x00000007e2300000, 0x0000000800000000)
  eden space 71680K, 100% used [0x00000007d5500000,0x00000007d9b00000,0x00000007d9b00000)
  from space 512K, 25% used [0x00000007e2200000,0x00000007e2220000,0x00000007e2280000)
  to   space 512K, 0% used [0x00000007e2280000,0x00000007e2280000,0x00000007e2300000)
 ParOldGen       total 87040K, used 29636K [0x0000000780000000, 0x0000000785500000, 0x00000007d5500000)
  object space 87040K, 34% used [0x0000000780000000,0x0000000781cf1190,0x0000000785500000)
 PSPermGen       total 21504K, used 4232K [0x000000077ae00000, 0x000000077c300000, 0x0000000780000000)
  object space 21504K, 19% used [0x000000077ae00000,0x000000077b222168,0x000000077c300000)
Event: 122.541 GC heap after
Heap after GC invocations=226 (full 0):
 PSYoungGen      total 70144K, used 128K [0x00000007d5500000, 0x00000007e2300000, 0x0000000800000000)
  eden space 69632K, 0% used [0x00000007d5500000,0x00000007d5500000,0x00000007d9900000)
  from space 512K, 25% used [0x00000007e2280000,0x00000007e22a0000,0x00000007e2300000)
  to   space 512K, 0% used [0x00000007e2200000,0x00000007e2200000,0x00000007e2280000)
 ParOldGen       total 87040K, used 29652K [0x0000000780000000, 0x0000000785500000, 0x00000007d5500000)
  object space 87040K, 34% used [0x0000000780000000,0x0000000781cf5190,0x0000000785500000)
 PSPermGen       total 21504K, used 4232K [0x000000077ae00000, 0x000000077c300000, 0x0000000780000000)
  object space 21504K, 19% used [0x000000077ae00000,0x000000077b222168,0x000000077c300000)
}
Event: 122.848 GC heap before
{Heap before GC invocations=227 (full 0):
 PSYoungGen      total 70144K, used 69760K [0x00000007d5500000, 0x00000007e2300000, 0x0000000800000000)
  eden space 69632K, 100% used [0x00000007d5500000,0x00000007d9900000,0x00000007d9900000)
  from space 512K, 25% used [0x00000007e2280000,0x00000007e22a0000,0x00000007e2300000)
  to   space 512K, 0% used [0x00000007e2200000,0x00000007e2200000,0x00000007e2280000)
 ParOldGen       total 87040K, used 29652K [0x0000000780000000, 0x0000000785500000, 0x00000007d5500000)
  object space 87040K, 34% used [0x0000000780000000,0x0000000781cf5190,0x0000000785500000)
 PSPermGen       total 21504K, used 4232K [0x000000077ae00000, 0x000000077c300000, 0x0000000780000000)
  object space 21504K, 19% used [0x000000077ae00000,0x000000077b222168,0x000000077c300000)
Event: 122.852 GC heap after
Heap after GC invocations=227 (full 0):
 PSYoungGen      total 68096K, used 96K [0x00000007d5500000, 0x00000007e2300000, 0x0000000800000000)
  eden space 67584K, 0% used [0x00000007d5500000,0x00000007d5500000,0x00000007d9700000)
  from space 512K, 18% used [0x00000007e2200000,0x00000007e2218000,0x00000007e2280000)
  to   space 512K, 0% used [0x00000007e2280000,0x00000007e2280000,0x00000007e2300000)
 ParOldGen       total 87040K, used 29676K [0x0000000780000000, 0x0000000785500000, 0x00000007d5500000)
  object space 87040K, 34% used [0x0000000780000000,0x0000000781cfb190,0x0000000785500000)
 PSPermGen       total 21504K, used 4232K [0x000000077ae00000, 0x000000077c300000, 0x0000000780000000)
  object space 21504K, 19% used [0x000000077ae00000,0x000000077b222168,0x000000077c300000)
}
Event: 123.168 GC heap before
{Heap before GC invocations=228 (full 0):
 PSYoungGen      total 68096K, used 67680K [0x00000007d5500000, 0x00000007e2300000, 0x0000000800000000)
  eden space 67584K, 100% used [0x00000007d5500000,0x00000007d9700000,0x00000007d9700000)
  from space 512K, 18% used [0x00000007e2200000,0x00000007e2218000,0x00000007e2280000)
  to   space 512K, 0% used [0x00000007e2280000,0x00000007e2280000,0x00000007e2300000)
 ParOldGen       total 87040K, used 29676K [0x0000000780000000, 0x0000000785500000, 0x00000007d5500000)
  object space 87040K, 34% used [0x0000000780000000,0x0000000781cfb190,0x0000000785500000)
 PSPermGen       total 21504K, used 4232K [0x000000077ae00000, 0x000000077c300000, 0x0000000780000000)
  object space 21504K, 19% used [0x000000077ae00000,0x000000077b222168,0x000000077c300000)
Event: 123.172 GC heap after
Heap after GC invocations=228 (full 0):
 PSYoungGen      total 66048K, used 96K [0x00000007d5500000, 0x00000007e2300000, 0x0000000800000000)
  eden space 65536K, 0% used [0x00000007d5500000,0x00000007d5500000,0x00000007d9500000)
  from space 512K, 18% used [0x00000007e2280000,0x00000007e2298000,0x00000007e2300000)
  to   space 512K, 0% used [0x00000007e2200000,0x00000007e2200000,0x00000007e2280000)
 ParOldGen       total 87040K, used 29700K [0x0000000780000000, 0x0000000785500000, 0x00000007d5500000)
  object space 87040K, 34% used [0x0000000780000000,0x0000000781d01190,0x0000000785500000)
 PSPermGen       total 21504K, used 4232K [0x000000077ae00000, 0x000000077c300000, 0x0000000780000000)
  object space 21504K, 19% used [0x000000077ae00000,0x000000077b222168,0x000000077c300000)
}

