# JRE version: Java(TM) SE Runtime Environment (7.0_45-b18) (build 1.7.0_45-b18)
# Java VM: Java HotSpot(TM) 64-Bit Server VM (24.45-b08 mixed mode bsd-amd64 compressed oops)
Heap
 PSYoungGen      total 217600K, used 48331K [0x00000007d5500000, 0x00000007e5c80000, 0x0000000800000000)
  eden space 216064K, 22% used [0x00000007d5500000,0x00000007d8412ca8,0x00000007e2800000)
  from space 1536K, 8% used [0x00000007e5980000,0x00000007e59a0000,0x00000007e5b00000)
  to   space 1536K, 0% used [0x00000007e5b00000,0x00000007e5b00000,0x00000007e5c80000)
 ParOldGen       total 87040K, used 696K [0x0000000780000000, 0x0000000785500000, 0x00000007d5500000)
  object space 87040K, 0% used [0x0000000780000000,0x00000007800ae170,0x0000000785500000)
 PSPermGen       total 21504K, used 4166K [0x000000077ae00000, 0x000000077c300000, 0x0000000780000000)
  object space 21504K, 19% used [0x000000077ae00000,0x000000077b211b38,0x000000077c300000)
GC Heap History (10 events):
Event: 4.741 GC heap before
{Heap before GC invocations=9 (full 0):
 PSYoungGen      total 270848K, used 269952K [0x00000007d5500000, 0x00000007e6000000, 0x0000000800000000)
  eden space 269824K, 100% used [0x00000007d5500000,0x00000007e5c80000,0x00000007e5c80000)
  from space 1024K, 12% used [0x00000007e5e00000,0x00000007e5e20000,0x00000007e5f00000)
  to   space 1536K, 0% used [0x00000007e5c80000,0x00000007e5c80000,0x00000007e5e00000)
 ParOldGen       total 87040K, used 584K [0x0000000780000000, 0x0000000785500000, 0x00000007d5500000)
  object space 87040K, 0% used [0x0000000780000000,0x0000000780092170,0x0000000785500000)
 PSPermGen       total 21504K, used 4153K [0x000000077ae00000, 0x000000077c300000, 0x0000000780000000)
  object space 21504K, 19% used [0x000000077ae00000,0x000000077b20e410,0x000000077c300000)
Event: 4.741 GC heap after
Heap after GC invocations=9 (full 0):
 PSYoungGen      total 258560K, used 128K [0x00000007d5500000, 0x00000007e5e80000, 0x0000000800000000)
  eden space 258048K, 0% used [0x00000007d5500000,0x00000007d5500000,0x00000007e5100000)
  from space 512K, 25% used [0x00000007e5c80000,0x00000007e5ca0000,0x00000007e5d00000)
  to   space 1536K, 0% used [0x00000007e5d00000,0x00000007e5d00000,0x00000007e5e80000)
 ParOldGen       total 87040K, used 600K [0x0000000780000000, 0x0000000785500000, 0x00000007d5500000)
  object space 87040K, 0% used [0x0000000780000000,0x0000000780096170,0x0000000785500000)
 PSPermGen       total 21504K, used 4153K [0x000000077ae00000, 0x000000077c300000, 0x0000000780000000)
  object space 21504K, 19% used [0x000000077ae00000,0x000000077b20e410,0x000000077c300000)
}
Event: 5.125 GC heap before
{Heap before GC invocations=10 (full 0):
 PSYoungGen      total 258560K, used 258176K [0x00000007d5500000, 0x00000007e5e80000, 0x0000000800000000)
  eden space 258048K, 100% used [0x00000007d5500000,0x00000007e5100000,0x00000007e5100000)
  from space 512K, 25% used [0x00000007e5c80000,0x00000007e5ca0000,0x00000007e5d00000)
  to   space 1536K, 0% used [0x00000007e5d00000,0x00000007e5d00000,0x00000007e5e80000)
 ParOldGen       total 87040K, used 600K [0x0000000780000000, 0x0000000785500000, 0x00000007d5500000)
  object space 87040K, 0% used [0x0000000780000000,0x0000000780096170,0x0000000785500000)
 PSPermGen       total 21504K, used 4153K [0x000000077ae00000, 0x000000077c300000, 0x0000000780000000)
  object space 21504K, 19% used [0x000000077ae00000,0x000000077b20e768,0x000000077c300000)
Event: 5.126 GC heap after
Heap after GC invocations=10 (full 0):
 PSYoungGen      total 247296K, used 128K [0x00000007d5500000, 0x00000007e5d80000, 0x0000000800000000)
  eden space 246784K, 0% used [0x00000007d5500000,0x00000007d5500000,0x00000007e4600000)
  from space 512K, 25% used [0x00000007e5d00000,0x00000007e5d20000,0x00000007e5d80000)
  to   space 1536K, 0% used [0x00000007e5a80000,0x00000007e5a80000,0x00000007e5c00000)
 ParOldGen       total 87040K, used 640K [0x0000000780000000, 0x0000000785500000, 0x00000007d5500000)
  object space 87040K, 0% used [0x0000000780000000,0x00000007800a0170,0x0000000785500000)
 PSPermGen       total 21504K, used 4153K [0x000000077ae00000, 0x000000077c300000, 0x0000000780000000)
  object space 21504K, 19% used [0x000000077ae00000,0x000000077b20e768,0x000000077c300000)
}
Event: 5.501 GC heap before
{Heap before GC invocations=11 (full 0):
 PSYoungGen      total 247296K, used 246912K [0x00000007d5500000, 0x00000007e5d80000, 0x0000000800000000)
  eden space 246784K, 100% used [0x00000007d5500000,0x00000007e4600000,0x00000007e4600000)
  from space 512K, 25% used [0x00000007e5d00000,0x00000007e5d20000,0x00000007e5d80000)
  to   space 1536K, 0% used [0x00000007e5a80000,0x00000007e5a80000,0x00000007e5c00000)
 ParOldGen       total 87040K, used 640K [0x0000000780000000, 0x0000000785500000, 0x00000007d5500000)
  object space 87040K, 0% used [0x0000000780000000,0x00000007800a0170,0x0000000785500000)
 PSPermGen       total 21504K, used 4158K [0x000000077ae00000, 0x000000077c300000, 0x0000000780000000)
  object space 21504K, 19% used [0x000000077ae00000,0x000000077b20f938,0x000000077c300000)
Event: 5.502 GC heap after
Heap after GC invocations=11 (full 0):
 PSYoungGen      total 237568K, used 128K [0x00000007d5500000, 0x00000007e5d80000, 0x0000000800000000)
  eden space 236032K, 0% used [0x00000007d5500000,0x00000007d5500000,0x00000007e3b80000)
  from space 1536K, 8% used [0x00000007e5a80000,0x00000007e5aa0000,0x00000007e5c00000)
  to   space 1536K, 0% used [0x00000007e5c00000,0x00000007e5c00000,0x00000007e5d80000)
 ParOldGen       total 87040K, used 664K [0x0000000780000000, 0x0000000785500000, 0x00000007d5500000)
  object space 87040K, 0% used [0x0000000780000000,0x00000007800a6170,0x0000000785500000)
 PSPermGen       total 21504K, used 4158K [0x000000077ae00000, 0x000000077c300000, 0x0000000780000000)
  object space 21504K, 19% used [0x000000077ae00000,0x000000077b20f938,0x000000077c300000)
}
Event: 5.843 GC heap before
{Heap before GC invocations=12 (full 0):
 PSYoungGen      total 237568K, used 236160K [0x00000007d5500000, 0x00000007e5d80000, 0x0000000800000000)
  eden space 236032K, 100% used [0x00000007d5500000,0x00000007e3b80000,0x00000007e3b80000)
  from space 1536K, 8% used [0x00000007e5a80000,0x00000007e5aa0000,0x00000007e5c00000)
  to   space 1536K, 0% used [0x00000007e5c00000,0x00000007e5c00000,0x00000007e5d80000)
 ParOldGen       total 87040K, used 664K [0x0000000780000000, 0x0000000785500000, 0x00000007d5500000)
  object space 87040K, 0% used [0x0000000780000000,0x00000007800a6170,0x0000000785500000)
 PSPermGen       total 21504K, used 4161K [0x000000077ae00000, 0x000000077c300000, 0x0000000780000000)
  object space 21504K, 19% used [0x000000077ae00000,0x000000077b2107d8,0x000000077c300000)
Event: 5.844 GC heap after
Heap after GC invocations=12 (full 0):
 PSYoungGen      total 226304K, used 96K [0x00000007d5500000, 0x00000007e5c80000, 0x0000000800000000)
  eden space 225792K, 0% used [0x00000007d5500000,0x00000007d5500000,0x00000007e3180000)
  from space 512K, 18% used [0x00000007e5c00000,0x00000007e5c18000,0x00000007e5c80000)
  to   space 1536K, 0% used [0x00000007e5980000,0x00000007e5980000,0x00000007e5b00000)
 ParOldGen       total 87040K, used 672K [0x0000000780000000, 0x0000000785500000, 0x00000007d5500000)
  object space 87040K, 0% used [0x0000000780000000,0x00000007800a8170,0x0000000785500000)
 PSPermGen       total 21504K, used 4161K [0x000000077ae00000, 0x000000077c300000, 0x0000000780000000)
  object space 21504K, 19% used [0x000000077ae00000,0x000000077b2107d8,0x000000077c300000)
}
Event: 6.153 GC heap before
{Heap before GC invocations=13 (full 0):
 PSYoungGen      total 226304K, used 225888K [0x00000007d5500000, 0x00000007e5c80000, 0x0000000800000000)
  eden space 225792K, 100% used [0x00000007d5500000,0x00000007e3180000,0x00000007e3180000)
  from space 512K, 18% used [0x00000007e5c00000,0x00000007e5c18000,0x00000007e5c80000)
  to   space 1536K, 0% used [0x00000007e5980000,0x00000007e5980000,0x00000007e5b00000)
 ParOldGen       total 87040K, used 672K [0x0000000780000000, 0x0000000785500000, 0x00000007d5500000)
  object space 87040K, 0% used [0x0000000780000000,0x00000007800a8170,0x0000000785500000)
 PSPermGen       total 21504K, used 4162K [0x000000077ae00000, 0x000000077c300000, 0x0000000780000000)
  object space 21504K, 19% used [0x000000077ae00000,0x000000077b2108a0,0x000000077c300000)
Event: 6.154 GC heap after
Heap after GC invocations=13 (full 0):
 PSYoungGen      total 217600K, used 128K [0x00000007d5500000, 0x00000007e5c80000, 0x0000000800000000)
  eden space 216064K, 0% used [0x00000007d5500000,0x00000007d5500000,0x00000007e2800000)
  from space 1536K, 8% used [0x00000007e5980000,0x00000007e59a0000,0x00000007e5b00000)
  to   space 1536K, 0% used [0x00000007e5b00000,0x00000007e5b00000,0x00000007e5c80000)
 ParOldGen       total 87040K, used 696K [0x0000000780000000, 0x0000000785500000, 0x00000007d5500000)
  object space 87040K, 0% used [0x0000000780000000,0x00000007800ae170,0x0000000785500000)
 PSPermGen       total 21504K, used 4162K [0x000000077ae00000, 0x000000077c300000, 0x0000000780000000)
  object space 21504K, 19% used [0x000000077ae00000,0x000000077b2108a0,0x000000077c300000)
}

