# JRE version: Java(TM) SE Runtime Environment (7.0_45-b18) (build 1.7.0_45-b18)
# Java VM: Java HotSpot(TM) 64-Bit Server VM (24.45-b08 mixed mode bsd-amd64 compressed oops)
Heap
 PSYoungGen      total 258560K, used 222971K [0x00000007d5500000, 0x00000007efd00000, 0x0000000800000000)
  eden space 258048K, 86% used [0x00000007d5500000,0x00000007e2e9ef18,0x00000007e5100000)
  from space 512K, 25% used [0x00000007efc80000,0x00000007efca0000,0x00000007efd00000)
  to   space 1536K, 0% used [0x00000007efa00000,0x00000007efa00000,0x00000007efb80000)
 ParOldGen       total 87040K, used 612K [0x0000000780000000, 0x0000000785500000, 0x00000007d5500000)
  object space 87040K, 0% used [0x0000000780000000,0x0000000780099160,0x0000000785500000)
 PSPermGen       total 21504K, used 4158K [0x000000077ae00000, 0x000000077c300000, 0x0000000780000000)
  object space 21504K, 19% used [0x000000077ae00000,0x000000077b20fa80,0x000000077c300000)
GC Heap History (10 events):
Event: 2.824 GC heap before
{Heap before GC invocations=6 (full 0):
 PSYoungGen      total 72704K, used 68284K [0x00000007d5500000, 0x00000007ddb00000, 0x0000000800000000)
  eden space 67584K, 100% used [0x00000007d5500000,0x00000007d9700000,0x00000007d9700000)
  from space 5120K, 13% used [0x00000007d9700000,0x00000007d97af110,0x00000007d9c00000)
  to   space 1024K, 0% used [0x00000007dda00000,0x00000007dda00000,0x00000007ddb00000)
 ParOldGen       total 87040K, used 16K [0x0000000780000000, 0x0000000785500000, 0x00000007d5500000)
  object space 87040K, 0% used [0x0000000780000000,0x0000000780004000,0x0000000785500000)
 PSPermGen       total 21504K, used 4143K [0x000000077ae00000, 0x000000077c300000, 0x0000000780000000)
  object space 21504K, 19% used [0x000000077ae00000,0x000000077b20be98,0x000000077c300000)
Event: 2.825 GC heap after
Heap after GC invocations=6 (full 0):
 PSYoungGen      total 136192K, used 652K [0x00000007d5500000, 0x00000007ddb00000, 0x0000000800000000)
  eden space 135168K, 0% used [0x00000007d5500000,0x00000007d5500000,0x00000007dd900000)
  from space 1024K, 63% used [0x00000007dda00000,0x00000007ddaa3120,0x00000007ddb00000)
  to   space 1024K, 0% used [0x00000007dd900000,0x00000007dd900000,0x00000007dda00000)
 ParOldGen       total 87040K, used 16K [0x0000000780000000, 0x0000000785500000, 0x00000007d5500000)
  object space 87040K, 0% used [0x0000000780000000,0x0000000780004000,0x0000000785500000)
 PSPermGen       total 21504K, used 4143K [0x000000077ae00000, 0x000000077c300000, 0x0000000780000000)
  object space 21504K, 19% used [0x000000077ae00000,0x000000077b20be98,0x000000077c300000)
}
Event: 3.070 GC heap before
{Heap before GC invocations=7 (full 0):
 PSYoungGen      total 136192K, used 135820K [0x00000007d5500000, 0x00000007ddb00000, 0x0000000800000000)
  eden space 135168K, 100% used [0x00000007d5500000,0x00000007dd900000,0x00000007dd900000)
  from space 1024K, 63% used [0x00000007dda00000,0x00000007ddaa3120,0x00000007ddb00000)
  to   space 1024K, 0% used [0x00000007dd900000,0x00000007dd900000,0x00000007dda00000)
 ParOldGen       total 87040K, used 16K [0x0000000780000000, 0x0000000785500000, 0x00000007d5500000)
  object space 87040K, 0% used [0x0000000780000000,0x0000000780004000,0x0000000785500000)
 PSPermGen       total 21504K, used 4143K [0x000000077ae00000, 0x000000077c300000, 0x0000000780000000)
  object space 21504K, 19% used [0x000000077ae00000,0x000000077b20bf70,0x000000077c300000)
Event: 3.072 GC heap after
Heap after GC invocations=7 (full 0):
 PSYoungGen      total 136192K, used 128K [0x00000007d5500000, 0x00000007e5f00000, 0x0000000800000000)
  eden space 135168K, 0% used [0x00000007d5500000,0x00000007d5500000,0x00000007dd900000)
  from space 1024K, 12% used [0x00000007dd900000,0x00000007dd920000,0x00000007dda00000)
  to   space 1024K, 0% used [0x00000007e5e00000,0x00000007e5e00000,0x00000007e5f00000)
 ParOldGen       total 87040K, used 596K [0x0000000780000000, 0x0000000785500000, 0x00000007d5500000)
  object space 87040K, 0% used [0x0000000780000000,0x0000000780095160,0x0000000785500000)
 PSPermGen       total 21504K, used 4143K [0x000000077ae00000, 0x000000077c300000, 0x0000000780000000)
  object space 21504K, 19% used [0x000000077ae00000,0x000000077b20bf70,0x000000077c300000)
}
Event: 3.258 GC heap before
{Heap before GC invocations=8 (full 0):
 PSYoungGen      total 136192K, used 135296K [0x00000007d5500000, 0x00000007e5f00000, 0x0000000800000000)
  eden space 135168K, 100% used [0x00000007d5500000,0x00000007dd900000,0x00000007dd900000)
  from space 1024K, 12% used [0x00000007dd900000,0x00000007dd920000,0x00000007dda00000)
  to   space 1024K, 0% used [0x00000007e5e00000,0x00000007e5e00000,0x00000007e5f00000)
 ParOldGen       total 87040K, used 596K [0x0000000780000000, 0x0000000785500000, 0x00000007d5500000)
  object space 87040K, 0% used [0x0000000780000000,0x0000000780095160,0x0000000785500000)
 PSPermGen       total 21504K, used 4144K [0x000000077ae00000, 0x000000077c300000, 0x0000000780000000)
  object space 21504K, 19% used [0x000000077ae00000,0x000000077b20c2c0,0x000000077c300000)
Event: 3.259 GC heap after
Heap after GC invocations=8 (full 0):
 PSYoungGen      total 270848K, used 160K [0x00000007d5500000, 0x00000007e6000000, 0x0000000800000000)
  eden space 269824K, 0% used [0x00000007d5500000,0x00000007d5500000,0x00000007e5c80000)
  from space 1024K, 15% used [0x00000007e5e00000,0x00000007e5e28000,0x00000007e5f00000)
  to   space 1536K, 0% used [0x00000007e5c80000,0x00000007e5c80000,0x00000007e5e00000)
 ParOldGen       total 87040K, used 604K [0x0000000780000000, 0x0000000785500000, 0x00000007d5500000)
  object space 87040K, 0% used [0x0000000780000000,0x0000000780097160,0x0000000785500000)
 PSPermGen       total 21504K, used 4144K [0x000000077ae00000, 0x000000077c300000, 0x0000000780000000)
  object space 21504K, 19% used [0x000000077ae00000,0x000000077b20c2c0,0x000000077c300000)
}
Event: 3.763 GC heap before
{Heap before GC invocations=9 (full 0):
 PSYoungGen      total 270848K, used 269984K [0x00000007d5500000, 0x00000007e6000000, 0x0000000800000000)
  eden space 269824K, 100% used [0x00000007d5500000,0x00000007e5c80000,0x00000007e5c80000)
  from space 1024K, 15% used [0x00000007e5e00000,0x00000007e5e28000,0x00000007e5f00000)
  to   space 1536K, 0% used [0x00000007e5c80000,0x00000007e5c80000,0x00000007e5e00000)
 ParOldGen       total 87040K, used 604K [0x0000000780000000, 0x0000000785500000, 0x00000007d5500000)
  object space 87040K, 0% used [0x0000000780000000,0x0000000780097160,0x0000000785500000)
 PSPermGen       total 21504K, used 4145K [0x000000077ae00000, 0x000000077c300000, 0x0000000780000000)
  object space 21504K, 19% used [0x000000077ae00000,0x000000077b20c418,0x000000077c300000)
Event: 3.765 GC heap after
Heap after GC invocations=9 (full 0):
 PSYoungGen      total 271360K, used 96K [0x00000007d5500000, 0x00000007efe00000, 0x0000000800000000)
  eden space 269824K, 0% used [0x00000007d5500000,0x00000007d5500000,0x00000007e5c80000)
  from space 1536K, 6% used [0x00000007e5c80000,0x00000007e5c98000,0x00000007e5e00000)
  to   space 1536K, 0% used [0x00000007efc80000,0x00000007efc80000,0x00000007efe00000)
 ParOldGen       total 87040K, used 604K [0x0000000780000000, 0x0000000785500000, 0x00000007d5500000)
  object space 87040K, 0% used [0x0000000780000000,0x0000000780097160,0x0000000785500000)
 PSPermGen       total 21504K, used 4145K [0x000000077ae00000, 0x000000077c300000, 0x0000000780000000)
  object space 21504K, 19% used [0x000000077ae00000,0x000000077b20c418,0x000000077c300000)
}
Event: 4.185 GC heap before
{Heap before GC invocations=10 (full 0):
 PSYoungGen      total 271360K, used 269920K [0x00000007d5500000, 0x00000007efe00000, 0x0000000800000000)
  eden space 269824K, 100% used [0x00000007d5500000,0x00000007e5c80000,0x00000007e5c80000)
  from space 1536K, 6% used [0x00000007e5c80000,0x00000007e5c98000,0x00000007e5e00000)
  to   space 1536K, 0% used [0x00000007efc80000,0x00000007efc80000,0x00000007efe00000)
 ParOldGen       total 87040K, used 604K [0x0000000780000000, 0x0000000785500000, 0x00000007d5500000)
  object space 87040K, 0% used [0x0000000780000000,0x0000000780097160,0x0000000785500000)
 PSPermGen       total 21504K, used 4151K [0x000000077ae00000, 0x000000077c300000, 0x0000000780000000)
  object space 21504K, 19% used [0x000000077ae00000,0x000000077b20dc68,0x000000077c300000)
Event: 4.186 GC heap after
Heap after GC invocations=10 (full 0):
 PSYoungGen      total 258560K, used 128K [0x00000007d5500000, 0x00000007efd00000, 0x0000000800000000)
  eden space 258048K, 0% used [0x00000007d5500000,0x00000007d5500000,0x00000007e5100000)
  from space 512K, 25% used [0x00000007efc80000,0x00000007efca0000,0x00000007efd00000)
  to   space 1536K, 0% used [0x00000007efa00000,0x00000007efa00000,0x00000007efb80000)
 ParOldGen       total 87040K, used 612K [0x0000000780000000, 0x0000000785500000, 0x00000007d5500000)
  object space 87040K, 0% used [0x0000000780000000,0x0000000780099160,0x0000000785500000)
 PSPermGen       total 21504K, used 4151K [0x000000077ae00000, 0x000000077c300000, 0x0000000780000000)
  object space 21504K, 19% used [0x000000077ae00000,0x000000077b20dc68,0x000000077c300000)
}

